*** GRADJ3, ver. 2021-03-03 ***
**************************************************
 Insert project file name:
Parnu_base2010.proj      

 Insert fixed station file name:
FIXED                    

 Insert new scale factor (uGal/div) for residual graph in .resi file:
  2.

 Insert ltest value (T/F) - verbose mode for program testing purposes:
 F

 Naming output files...
 1)           adj.grav file (.grav): Parnu_base2010.grav
 2)           adj.resi file (.resi): Parnu_base2010.resi
 3) mean adj.resi file (.resi.mean): Parnu_base2010.resi.mean
 4)           out-ties file (.ties): Parnu_base2010.ties
 5)       adj.ties file (.ties.adj): Parnu_base2010.ties.adj
 6)  tr.vector of adj.resi for hist: resid4hist.dat
 7)     full cov.matrix file (.cov): Parnu_base2010.cov
 ------------------------------------------------------
 Reading adjustment parameters...
...dtmax,lsc,driftpar
dtmax       - max. time(hr) between two measurements,tare is set automatically for longer intervals
lsc =f      - no calibration, =t : calibration correction function is evaluated based on the supplemental *.cal file
driftpar =0 - no drift estimated, =0.05 - typical constraint, =99 - no constraint on drift
  6. T  99.

...sigma, sc_std, confl
sigma  - apriori standard deviation of unit weight (mGal)
sc_std - param. to scale st.dev. of fixed and adj g values
confl  - confidence level for statistical tests (0<=confl<=1)
  0.006  1.  0.95

...rbias, stdevr
rbias  - should change if bias values are too high or low
stdevr - apriori standard deviation of readings (mGal)
  5000.  0.006

...ldot, epoch
ldot =T - solve for gravity changes, =F - no gravity change
epoch   - ref. epoch for gravity change solution (eg 2000-01-01)
 ldot= F
Epoch (in decim.yr):  2008-07-31, 2008.58
 ------------------------------------------------------
 Reading fixed stations...
 list of: no,g,sigma (1 .. nfix)
 80006  981772.192  0.008
 Number of fixed stations: 1
 ------------------------------------------------------
Read list of reduced reading files (.redu):
(max. 500 files per project)
No  1 reading file: d:\GRAVS2\data\Examples\2010_Calibration\2010_Parnu_base\S36\2010-04-22_S36.redu                                                                                                                                                                               
Open additional adj. parameter file: d:\GRAVS2\data\Examples\2010_Calibration\2010_Parnu_base\S36\2010-04-22_S36.par                                                                                                                                                                                

# S- 36   PARNU            2010 Maa-amet T.OJA                                                                                                                                                                                                                 
 Instrument name and number:S  - 36

Open correction parameters file for gravity meters calibration..
Parnu_base2010.cal                                                                                                                                                                                                                                             

 Degree of polynomial calibration func.: 0

 Adjustment parameters(weight/drift/tare/skip etc.):
 u/w  1  0.003
 d 1 2
 s 15
 s 43

 number of observations:  82
 ------------------------------------------------------
No  2 reading file: d:\GRAVS2\data\Examples\2010_Calibration\2010_Parnu_base\S36\2010-04-23_S36.redu                                                                                                                                                                               
Open additional adj. parameter file: d:\GRAVS2\data\Examples\2010_Calibration\2010_Parnu_base\S36\2010-04-23_S36.par                                                                                                                                                                                

# S- 36   PARNU            2010 Maa-amet T.OJA                                                                                                                                                                                                                 
 Instrument name and number:S  - 36
 Adjustment parameters(weight/drift/tare/skip etc.):
 u/w  1  0.003
 d 1 2
 t 19
 s 50

 number of observations:  61
 ------------------------------------------------------
No  3 reading file: d:\GRAVS2\data\Examples\2010_Calibration\2010_Parnu_base\G191\2010-04-21_23_G191.redu                                                                                                                                                                          
Open additional adj. parameter file: d:\GRAVS2\data\Examples\2010_Calibration\2010_Parnu_base\G191\2010-04-21_23_G191.par                                                                                                                                                                           

# G-191	  Parnu base EMU                                                                                                                                                                                                                                       
 Instrument name and number:G  - 191

Open correction parameters file for gravity meters calibration..
Parnu_base2010.cal                                                                                                                                                                                                                                             

 Degree of polynomial calibration func.: 1
 No of periodic waves: 1
 Periods:  70.9412

 Adjustment parameters(weight/drift/tare/skip etc.):

 number of observations:  39
 ----------------------------------
# G-191	  Parnu base EMU                                                                                                                                                                                                                                       
 Instrument name and number:G  - 191
 Adjustment parameters(weight/drift/tare/skip etc.):
 d 1 2
 s 78
 s 79
 s 80
 s 81
 s 82
 s 83
 s 69
 s 70
 s 71
 s 1
 s 2
 s 3
 s 22
 s 23
 s 24
 s 13
 s 14
 s 15

 number of observations:  72
 ----------------------------------
# G-191	  Parnu base EMU                                                                                                                                                                                                                                       
 Instrument name and number:G  - 191
 Adjustment parameters(weight/drift/tare/skip etc.):
 t 28
 s 27
 d 1 2

 number of observations:  64
 ------------------------------------------------------
 ------------------------------------------------------
Totally read:   318 observations, collected with  2 gravimeters in    5 stations.
No. of obs. files:   3

 Number of unknowns in adjustment:
 Station gravity values:      5
 Change of gravity:           0
 Bias parameters:             7
 Drift parameters:            9
 Calibration parameters:      3
 Total number of unknowns:   24

 Adjustment, initial assumed std.dev. of readings:   0.006
 Number of readings in adjustment:       318
 Total number of observation equations:  319
 Degr.of freedom (dof=obs.eq-unknowns):  295

 SOLUTION LOOP:  1
 - solution OK, max loss of digits:  4.0
 r.m.s. reading residuals (mGal):         0.00572
 SIGMA single reading =         0.00594 mGal

 SOLUTION LOOP:  2
 - solution OK, max loss of digits:  4.0
 r.m.s. and max parameter change:      0.0000000     0.0000000
 r.m.s. reading residuals (mGal):         0.00572
 SIGMA single reading =         0.00594 mGal


 - sorting results, output files: 

Program has used  0.13 seconds of CPU time!
This includes  0.06 seconds of user time and  0.06 seconds of system time.
