*** GRADJ3, ver. 2021-03-03 ***
**************************************************
 Insert project file name:
GoF2010.proj      

 Insert fixed station file name:
FIXED             

 Insert new scale factor (uGal/div) for residual graph in .resi file:
  5.

 Insert ltest value (T/F) - verbose mode for program testing purposes:
 F

 Naming output files...
 1)           adj.grav file (.grav): GoF2010.grav
 2)           adj.resi file (.resi): GoF2010.resi
 3) mean adj.resi file (.resi.mean): GoF2010.resi.mean
 4)           out-ties file (.ties): GoF2010.ties
 5)       adj.ties file (.ties.adj): GoF2010.ties.adj
 6)  tr.vector of adj.resi for hist: resid4hist.dat
 7)     full cov.matrix file (.cov): GoF2010.cov
 ------------------------------------------------------
 Reading adjustment parameters...
...dtmax,lsc,driftpar
dtmax       - max. time(hr) between two measurements,tare is set automatically for longer intervals
lsc =f      - no calibration, =t : calibration correction function is evaluated based on the supplemental *.cal file
driftpar =0 - no drift estimated, =0.05 - typical constraint, =99 - no constraint on drift
  6. F  99.

...sigma, sc_std, confl
sigma  - apriori standard deviation of unit weight (mGal)
sc_std - param. to scale st.dev. of fixed and adj g values
confl  - confidence level for statistical tests (0<=confl<=1)
  0.025  1.  0.95

...rbias, stdevr
rbias  - should change if bias values are too high or low
stdevr - apriori standard deviation of readings (mGal)
  5000.  0.025

...ldot, epoch
ldot =T - solve for gravity changes, =F - no gravity change
epoch   - ref. epoch for gravity change solution (eg 2000-01-01)
 ldot= F
Epoch (in decim.yr):  2008-07-31, 2008.58
 ------------------------------------------------------
 Reading fixed stations...
 list of: no,g,sigma (1 .. nfix)
 80006  981772.192  0.008
 Number of fixed stations: 1
 ------------------------------------------------------
Read list of reduced reading files (.redu):
(max. 500 files per project)
No  1 reading file: ..\G191\2010-03-17_G191.redu                                                                                                                                                                                                                                   
Open additional adj. parameter file: ..\G191\2010-03-17_G191.par                                                                                                                                                                                                                                    

# G-191   Gulf of Riga 2010 K.Türk EULS                                                                                                                                                                                                                        
 Instrument name and number:G  - 191
 Adjustment parameters(weight/drift/tare/skip etc.):
 u/w  5  0.0559016994
 u/w  12  0.025
 d 1 2
 s 11
 s 16
 t 19

 number of observations:  20
 ------------------------------------------------------
No  2 reading file: ..\S36\2010-03-17_S36.redu                                                                                                                                                                                                                                     
Open additional adj. parameter file: ..\S36\2010-03-17_S36.par                                                                                                                                                                                                                                      

# S- 36   Gulf-of-Riga(Survey-on-ice)    2010 ELB      T.OJA                                                                                                                                                                                                   
 Instrument name and number:S  - 36
 Adjustment parameters(weight/drift/tare/skip etc.):
 u/w  1  0.0176776695
 u/w  4  0.025
 u/w  6  0.05
 u/w  20  0.0306186218
 u/w  22  0.0176776695

 number of observations:  31
 ------------------------------------------------------
 ------------------------------------------------------
Totally read:    51 observations, collected with  2 gravimeters in   12 stations.
No. of obs. files:   2

 Number of unknowns in adjustment:
 Station gravity values:     12
 Change of gravity:           0
 Bias parameters:             3
 Drift parameters:            3
 Calibration parameters:      0
 Total number of unknowns:   18

 Adjustment, initial assumed std.dev. of readings:   0.025
 Number of readings in adjustment:       51
 Total number of observation equations:  52
 Degr.of freedom (dof=obs.eq-unknowns):  34

 SOLUTION LOOP:  1
 - solution OK, max loss of digits:  2.6
 r.m.s. reading residuals (mGal):         0.02018
 SIGMA single reading =         0.02471 mGal

 SOLUTION LOOP:  2
 - solution OK, max loss of digits:  2.6
 r.m.s. and max parameter change:      0.0000000     0.0000000
 r.m.s. reading residuals (mGal):         0.02018
 SIGMA single reading =         0.02471 mGal


 - sorting results, output files: 

Program has used  0.03 seconds of CPU time!
This includes  0.02 seconds of user time and  0.02 seconds of system time.
