File: Haanja_2008-2019_RCR_d2_Wzz21.out 
Comp.time: 2021-03-21, 19:15:02.49 
------------------------------------------------------- 
 *** Wzz2.1 (2019-02-16) ***
 Insert the names (without spaces!) of input files (bodyfile, obsfile):
 Input files: body.inp            , Haanja_2008-2019.dat
 Result file: Haanja_2008-2019.wzz
 Detailed result file: Haanja_2008-2019.vgg
 Insert order of polynom (max. 3):
 Inserted order: 2
 The weighted LSQ according uncertainties in obs file (T/F) and a priori st.dev of unit weight:
 The weights included: T , stdev=  1.

 Insert attracting bodies (max no 5) dim and rho:
# R1	
 Tyyp( 1)=R
 (R)ectangular inserted
 Dim vec of body (no 1):
 X: -0.6  0.6
 Y: -0.6  0.6
 Z: -0.021  0.979
 rho=  1.
Weight of body:     1.4 kg

# C1	
 Tyyp( 2)=C
 (C)ylinder inserted
 Dim vec of body (no 2):
 X:  0.98
 Y:  2.22
 Z:  1.
 rho=  1.
Weight of body:     1.0 kg

# R1	
 Tyyp( 3)=R
 (R)ectangular inserted
 Dim vec of body (no 3):
 X: -0.11  0.11
 Y: -0.11  0.11
 Z: -0.021  0.011
 rho= -1966.
Weight of body:    -3.0 kg

 No of bodies: 3

 Numbers of adjustment process:
 total no. of unknowns:               3
 dim. of symm. covariance matrix:     6
 dim. of extended normal matrix:      9
 No of fixed readings: 1
 No of observations: 11
 No of all obs: 12
 No of unknowns: 3
 dof: 9
 - solution OK, max loss of digits:  2.1

Lower triangular of symmetric covariance matrix (Cx) of adjusted parameters with dim(   3,   3):
         15.481094
         -1.268375          7.825086
          0.868719         -5.640089          4.096797
 --------------------------------------
 Input data, adjusted results and residuals:
 Id     obs g/dg   weight    h1     h2      adj g/dg      res    wres  res.plot( 0.50 uGal/div)
  1 981678514.00     0.07  0.000  1.200 981678514.00     0.00    0.00       *      
  2      -328.60     0.64  0.154  1.289      -326.68     1.92    1.54       !   *  
  3      -304.20     1.60  0.142  1.192      -303.22     0.98    1.24       ! *    
  4      -304.60     1.88  0.145  1.195      -303.18     1.42    1.95       !  *   
  5      -218.90     0.94  0.141  0.889      -218.05     0.85    0.83       ! *    
  7      -217.30     0.67  0.143  0.891      -218.03    -0.73   -0.60      *!      
  8      -332.00     2.30  0.142  1.293      -331.31     0.69    1.04       !*     
 10      -320.30     2.16  0.164  1.278      -320.83    -0.53   -0.79      *!      
 11      -176.60     0.74  0.167  0.776      -178.22    -1.62   -1.40    *  !      
 12      -319.00     2.52  0.167  1.282      -320.91    -1.91   -3.04   *   !      
 13      -187.80     0.51  0.159  0.807      -189.36    -1.56   -1.11    *  !      
 14      -312.00     1.42  0.159  1.241      -312.00     0.00    0.01       *      
 --------------------------------------
 Statistics of residuals:
RMS=     1.380
STDEV=   1.594
 --------------------------------------
g(0) and its stdev= 981678860.14   6.27
b(1),stdev=   -302.44      4.46
b(2),stdev=      9.78      3.23
corr(12)=  -0.99614
 ------------------------------------------------------
   h        g(h)           VG*       Gravity change due to..
  (m)      (uGal)       (uGal/m) ..constVG  ..noncVG  ..attraction of body #
                                         (uGal)          1       2       3
 ------------------------------------------------------
 0.000   981678860.14   -281.14      0.00      0.00    0.00    0.00    0.00
 0.050   981678846.05   -283.72    -15.12      1.03    0.00    0.00    1.01
 0.100   981678831.71   -289.85    -30.24      1.81    0.00    0.00    1.72
 0.150   981678817.10   -293.70    -45.37      2.33    0.00    0.00    2.11
 0.200   981678802.37   -295.27    -60.49      2.72   -0.01    0.00    2.33
 0.250   981678787.60   -295.62    -75.61      3.06   -0.01    0.00    2.46
 0.300   981678772.82   -295.36    -90.73      3.41   -0.01    0.00    2.54
 0.350   981678758.06   -294.80   -105.86      3.78   -0.01    0.00    2.59
 0.400   981678743.34   -294.07   -120.98      4.18   -0.01    0.00    2.62
 0.450   981678728.66   -293.25   -136.10      4.62   -0.01    0.00    2.65
 0.500   981678714.02   -292.38   -151.22      5.10   -0.01    0.00    2.67
 0.550   981678699.42   -291.47   -166.34      5.62   -0.01    0.00    2.68
 0.600   981678684.87   -290.54   -181.47      6.19   -0.01    0.00    2.69
 0.650   981678670.37   -289.60   -196.59      6.81   -0.01    0.00    2.70
 0.700   981678655.91   -288.65   -211.71      7.48   -0.01    0.00    2.70
 0.750   981678641.50   -287.69   -226.83      8.19   -0.01    0.00    2.71
 0.800   981678627.14   -286.73   -241.95      8.95   -0.01    0.00    2.71
 0.850   981678612.83   -285.77   -257.08      9.76   -0.02    0.00    2.72
 0.900   981678598.56   -284.80   -272.20     10.62   -0.02    0.00    2.72
 0.950   981678584.35   -283.83   -287.32     11.53   -0.02    0.00    2.72
 1.000   981678570.18   -282.86   -302.44     12.48   -0.02    0.00    2.72
 1.050   981678556.06   -281.88   -317.57     13.49   -0.02    0.00    2.73
 1.100   981678541.99   -280.91   -332.69     14.54   -0.02    0.00    2.73
 1.150   981678527.97   -279.94   -347.81     15.64   -0.02    0.00    2.73
 1.200   981678514.00   -278.96   -362.93     16.79   -0.02    0.00    2.73
 1.250   981678500.08   -277.98   -378.05     17.99   -0.02    0.00    2.73
 1.300   981678486.20   -277.01   -393.18     19.24   -0.02    0.00    2.73
 1.350   981678472.38   -276.03   -408.30     20.53   -0.02    0.00    2.73
 1.400   981678458.60   -275.06   -423.42     21.88   -0.02    0.00    2.73
 1.450   981678444.87   -274.08   -438.54     23.27   -0.02    0.00    2.74
 1.500   981678431.19   -273.10   -453.67     24.71   -0.02    0.00    2.74
 ------------------------------------------------------
* NB! Actual resolution of VG computation: 0.0010 m

 Program Wzz2 OK
