*** GRADJ3, ver. 2021-03-03 ***
**************************************************
 Insert project file name:
GoF2010_G191.proj      

 Insert fixed station file name:
FIXED                  

 Insert new scale factor (uGal/div) for residual graph in .resi file:
  5.

 Insert ltest value (T/F) - verbose mode for program testing purposes:
 F

 Naming output files...
 1)           adj.grav file (.grav): GoF2010_G191.grav
 2)           adj.resi file (.resi): GoF2010_G191.resi
 3) mean adj.resi file (.resi.mean): GoF2010_G191.resi.mean
 4)           out-ties file (.ties): GoF2010_G191.ties
 5)       adj.ties file (.ties.adj): GoF2010_G191.ties.adj
 6)  tr.vector of adj.resi for hist: resid4hist.dat
 7)     full cov.matrix file (.cov): GoF2010_G191.cov
 ------------------------------------------------------
 Reading adjustment parameters...
...dtmax,lsc,driftpar
dtmax       - max. time(hr) between two measurements,tare is set automatically for longer intervals
lsc =f      - no calibration, =t : calibration correction function is evaluated based on the supplemental *.cal file
driftpar =0 - no drift estimated, =0.05 - typical constraint, =99 - no constraint on drift
  6. F  99.

...sigma, sc_std, confl
sigma  - apriori standard deviation of unit weight (mGal)
sc_std - param. to scale st.dev. of fixed and adj g values
confl  - confidence level for statistical tests (0<=confl<=1)
  0.025  1.  0.95

...rbias, stdevr
rbias  - should change if bias values are too high or low
stdevr - apriori standard deviation of readings (mGal)
  5000.  0.025

...ldot, epoch
ldot =T - solve for gravity changes, =F - no gravity change
epoch   - ref. epoch for gravity change solution (eg 2000-01-01)
 ldot= F
Epoch (in decim.yr):  2008-07-31, 2008.58
 ------------------------------------------------------
 Reading fixed stations...
 list of: no,g,sigma (1 .. nfix)
 80006  981772.192  0.008
 Number of fixed stations: 1
 ------------------------------------------------------
Read list of reduced reading files (.redu):
(max. 500 files per project)
No  1 reading file: 2010-03-17_G191.redu                                                                                                                                                                                                                                           
Open additional adj. parameter file: 2010-03-17_G191.par                                                                                                                                                                                                                                            

# G-191   Gulf of Riga 2010 K.Türk EULS                                                                                                                                                                                                                        
 Instrument name and number:G  - 191
 Adjustment parameters(weight/drift/tare/skip etc.):
 u/w  5  0.0559016994
 u/w  12  0.025
 s 11
 s 16

 number of observations:  20
 ------------------------------------------------------
 ------------------------------------------------------
Totally read:    20 observations, collected with  1 gravimeters in    5 stations.
No. of obs. files:   1

 Number of unknowns in adjustment:
 Station gravity values:      5
 Change of gravity:           0
 Bias parameters:             1
 Drift parameters:            1
 Calibration parameters:      0
 Total number of unknowns:    7

 Adjustment, initial assumed std.dev. of readings:   0.025
 Number of readings in adjustment:       20
 Total number of observation equations:  21
 Degr.of freedom (dof=obs.eq-unknowns):  14

 SOLUTION LOOP:  1
 - solution OK, max loss of digits:  0.7
 r.m.s. reading residuals (mGal):         0.02119
 SIGMA single reading =         0.02533 mGal

 SOLUTION LOOP:  2
 - solution OK, max loss of digits:  0.7
 r.m.s. and max parameter change:      0.0000000     0.0000000
 r.m.s. reading residuals (mGal):         0.02119
 SIGMA single reading =         0.02533 mGal


 - sorting results, output files: 

Program has used  0.02 seconds of CPU time!
This includes  0.02 seconds of user time and  0.00 seconds of system time.
