2022-01-05, 13:12:26.41
-------------------------------------------------------
*** GRREDU3, ver. 2021-03-03 ***
 ------------------------------------------------------
 Insert timezone, epoch:
  timezone = 0: UT
           =+2: in Estonia (+3 in Summer)
  epoch = YYYY-MM-DD - important for temporal gravity (gdot) correction
  0  2000-01-01
 Epoch for computations:  2000.00273
 ------------------------------------------------------
 Insert ltide,lpres,lfair,ltime,lcali,lpmot:
 T F T F T F
 No atm.pressure correction applied!
 No g time change correction applied!
 No polar motion correction applied!
 ------------------------------------------------------
 Insert iprint,imodel,irigid:
 NB! Suggested values are 0 2 0 -> tidal potential development table not printed + TAMURA(1987) development with 1200 waves + elastic Earth model tides
 0 2 0 -> Tidal potential development used: TAMURA 1987  
 ------------------------------------------------------
 Insert single admittance value pcoef [uGal/hPa] for the reduction of the atm.pressure (e.g. -0.3):
 Reduction of the atm.pressure using the coef. -0.3
 ------------------------------------------------------
 Read input files...
 station coordinate file:
..\coords.txt                                                                                                                                                                                                                                                  
 station tide param.file: 
d:\GRAVS2\share\coords.tide                                                                                                                                                                                                                                    
  ETCPOT.DAT file: 
d:\GRAVS2\share\ETCPOT.DAT                                                                                                                                                                                                                                     
  IERS(C04) time series file (for polar motion correction): 
d:\GRAVS2\share\eopc04.2000-now                                                                                                                                                                                                                                
  LCR calibr. table file: 
d:\GRAVS2\share\LCRmeter.tab                                                                                                                                                                                                                                   
  gravimeter param. file: 
d:\GRAVS2\share\gmeters.par                                                                                                                                                                                                                                    
Read obs.files (max.150 files per project)...
 ------------------------------------------------------

input file no   1 : 2010-03-17_S36.obs                                                                                                                                                                                                                                             
output file: 2010-03-17_S36.redu                                                                                                                                                                                                                                            

 NB! All times in UT

# S- 36   Gulf-of-Riga(Survey-on-ice)    2010 ELB      T.OJA                    
 Instrument number:  36
Position of gravimeter reference point:  211.0 mm
 Degree of calibration function= 1
 Linear/polynomial calibration correction function:
degree, term =   1  0.000098

ReiuGR      : inserted polynomial model (n=2) parameters for vert.gradient (based on SI units nm/s^2/m, multiplied by -1): 3238.00    0.00
Accordingly, parameters with CGS units: -323.80 uGal/m,     0.00 uGal/m^2

Sunset      : inserted polynomial model (n=2) parameters for vert.gradient (based on SI units nm/s^2/m, multiplied by -1): 3086.00    0.00
Accordingly, parameters with CGS units: -308.60 uGal/m,     0.00 uGal/m^2
!!! Station Sunset       not found in d:\GRAVS2\share\coords.tide                                                                                                                                                                                                                                    
    ->unit values ( 1.16, 0.00) used for tidal wavegroups !!!

Uus2        : inserted polynomial model (n=2) parameters for vert.gradient (based on SI units nm/s^2/m, multiplied by -1): 3086.00    0.00
Accordingly, parameters with CGS units: -308.60 uGal/m,     0.00 uGal/m^2
!!! Station Uus2         not found in d:\GRAVS2\share\coords.tide                                                                                                                                                                                                                                    
    ->unit values ( 1.16, 0.00) used for tidal wavegroups !!!

Vana1121    : inserted polynomial model (n=2) parameters for vert.gradient (based on SI units nm/s^2/m, multiplied by -1): 3086.00    0.00
Accordingly, parameters with CGS units: -308.60 uGal/m,     0.00 uGal/m^2
!!! Station Vana1121     not found in d:\GRAVS2\share\coords.tide                                                                                                                                                                                                                                    
    ->unit values ( 1.16, 0.00) used for tidal wavegroups !!!

Vana1116    : inserted polynomial model (n=2) parameters for vert.gradient (based on SI units nm/s^2/m, multiplied by -1): 3086.00    0.00
Accordingly, parameters with CGS units: -308.60 uGal/m,     0.00 uGal/m^2
!!! Station Vana1116     not found in d:\GRAVS2\share\coords.tide                                                                                                                                                                                                                                    
    ->unit values ( 1.16, 0.00) used for tidal wavegroups !!!

Kalamees    : inserted polynomial model (n=2) parameters for vert.gradient (based on SI units nm/s^2/m, multiplied by -1): 3086.00    0.00
Accordingly, parameters with CGS units: -308.60 uGal/m,     0.00 uGal/m^2
!!! Station Kalamees     not found in d:\GRAVS2\share\coords.tide                                                                                                                                                                                                                                    
    ->unit values ( 1.16, 0.00) used for tidal wavegroups !!!

Vana1111    : inserted polynomial model (n=2) parameters for vert.gradient (based on SI units nm/s^2/m, multiplied by -1): 3086.00    0.00
Accordingly, parameters with CGS units: -308.60 uGal/m,     0.00 uGal/m^2
!!! Station Vana1111     not found in d:\GRAVS2\share\coords.tide                                                                                                                                                                                                                                    
    ->unit values ( 1.16, 0.00) used for tidal wavegroups !!!

Vana1109    : inserted polynomial model (n=2) parameters for vert.gradient (based on SI units nm/s^2/m, multiplied by -1): 3086.00    0.00
Accordingly, parameters with CGS units: -308.60 uGal/m,     0.00 uGal/m^2
!!! Station Vana1109     not found in d:\GRAVS2\share\coords.tide                                                                                                                                                                                                                                    
    ->unit values ( 1.16, 0.00) used for tidal wavegroups !!!

Võiste      : inserted polynomial model (n=2) parameters for vert.gradient (based on SI units nm/s^2/m, multiplied by -1): 3086.00    0.00
Accordingly, parameters with CGS units: -308.60 uGal/m,     0.00 uGal/m^2
!!! Station Võiste       not found in d:\GRAVS2\share\coords.tide                                                                                                                                                                                                                                    
    ->unit values ( 1.16, 0.00) used for tidal wavegroups !!!

Rannametsa  : inserted polynomial model (n=2) parameters for vert.gradient (based on SI units nm/s^2/m, multiplied by -1): 3086.00    0.00
Accordingly, parameters with CGS units: -308.60 uGal/m,     0.00 uGal/m^2
!!! Station Rannametsa   not found in d:\GRAVS2\share\coords.tide                                                                                                                                                                                                                                    
    ->unit values ( 1.16, 0.00) used for tidal wavegroups !!!

Correction(uGal) min     max   range  average
----------------------------------------------
tides      :   -33.6    17.8    51.4    -0.8
atm.press. :     0.0     0.0     0.0     0.0
height     :    29.0    42.9    13.9    40.3
pol. motion:     0.0     0.0     0.0     0.0
g_dot      :     0.0     0.0     0.0     0.0
cal.error  :    -0.5    -0.5     0.0    -0.5

 Number of observations in list:  31
Average epoch of the campaign :  2010.2095
----------------------------------------------

 Total no of observation lists:   1
 Total no of observation files:   1

Program has used  0.20 seconds of CPU time!
This includes  0.14 seconds of user time and  0.06 seconds of system time.
